Arguments: 
  D:\Programme\nodejs\node.exe C:\Users\gizmore\AppData\Roaming\npm\node_modules\yarn\bin\yarn.js add algolia-autocomplete.js

PATH: 
  C:\Users\gizmore\bin;D:\Programme\Git\mingw64\bin;D:\Programme\Git\usr\local\bin;D:\Programme\Git\usr\bin;D:\Programme\Git\usr\bin;D:\Programme\Git\mingw64\bin;D:\Programme\Git\usr\bin;C:\Users\gizmore\bin;C:\Program Files (x86)\Common Files\Oracle\Java\javapath;C:\Windows\system32;C:\Windows;C:\Windows\System32\Wbem;C:\Windows\System32\WindowsPowerShell\v1.0;C:\Windows\System32\OpenSSH;C:\Program Files\PuTTY;D:\Programme\Git\cmd;D:\Programme\Git\mingw64\bin;D:\Programme\Git\usr\bin;D:\Programme\Java8x64\bin;D:\wamp64\bin\php\php7.3.1;D:\Programme\nodejs;D:\mingw\bin;D:\wamp64\bin\mariadb\mariadb10.3.12\bin;C:\Users\gizmore\AppData\Local\Microsoft\WindowsApps;C:\Users\gizmore\AppData\Roaming\npm;D:\Programme\Java\JDK8\bin;D:\Programme\Git\usr\bin\vendor_perl;D:\Programme\Git\usr\bin\core_perl

Yarn version: 
  1.15.2

Node version: 
  10.15.3

Platform: 
  win32 x64

Trace: 
  Error: https://registry.yarnpkg.com/algolia-autocomplete.js: Not found
      at Request.params.callback [as _callback] (C:\Users\gizmore\AppData\Roaming\npm\node_modules\yarn\lib\cli.js:66058:18)
      at Request.self.callback (C:\Users\gizmore\AppData\Roaming\npm\node_modules\yarn\lib\cli.js:129541:22)
      at Request.emit (events.js:189:13)
      at Request.<anonymous> (C:\Users\gizmore\AppData\Roaming\npm\node_modules\yarn\lib\cli.js:130513:10)
      at Request.emit (events.js:189:13)
      at IncomingMessage.<anonymous> (C:\Users\gizmore\AppData\Roaming\npm\node_modules\yarn\lib\cli.js:130435:12)
      at Object.onceWrapper (events.js:277:13)
      at IncomingMessage.emit (events.js:194:15)
      at endReadableNT (_stream_readable.js:1125:12)
      at process._tickCallback (internal/process/next_tick.js:63:19)

npm manifest: 
  {
    "name": "gdo6-bootstrap-theme",
    "version": "6.09",
    "description": "Bootstrap4 Theme for GDO6",
    "main": "Module_BootstrapTheme.php",
    "repository": "ssh://git@github.com/gizmore/gdo6-bootstrap-theme",
    "author": "gizmore",
    "license": "MIT",
    "dependencies": {
      "bootstrap-slider": "^10.6.2",
      "pc-bootstrap4-datetimepicker": "^4.17.50"
    }
  }

yarn manifest: 
  No manifest

Lockfile: 
  # THIS IS AN AUTOGENERATED FILE. DO NOT EDIT THIS FILE DIRECTLY.
  # yarn lockfile v1
  
  
  bootstrap-slider@^10.6.2:
    version "10.6.2"
    resolved "https://registry.yarnpkg.com/bootstrap-slider/-/bootstrap-slider-10.6.2.tgz#7341f468c012bdaa6a1d8625d989fdeb8ed7dd38"
    integrity sha512-8JTPZB9QVOdrGzYF3YgC3YW6ssfPeBvBwZnXffiZ7YH/zz1D0EKlZvmQsm/w3N0XjVNYQEoQ0ax+jHrErV4K1Q==
  
  bootstrap@^4.0.0-beta.2:
    version "4.3.1"
    resolved "https://registry.yarnpkg.com/bootstrap/-/bootstrap-4.3.1.tgz#280ca8f610504d99d7b6b4bfc4b68cec601704ac"
    integrity sha512-rXqOmH1VilAt2DyPzluTi2blhk17bO7ef+zLLPlWvG494pDxcM234pJ8wTc/6R40UWizAIIMgxjvxZg5kmsbag==
  
  "jquery@^1.8.3 || ^2.0 || ^3.0":
    version "3.4.1"
    resolved "https://registry.yarnpkg.com/jquery/-/jquery-3.4.1.tgz#714f1f8d9dde4bdfa55764ba37ef214630d80ef2"
    integrity sha512-36+AdBzCL+y6qjw5Tx7HgzeGCzC81MDDgaUP8ld2zhx58HdqXGoBd+tHdrBMiyjGQs0Hxs/MLZTu/eHNJJuWPw==
  
  moment-timezone@^0.4.0:
    version "0.4.1"
    resolved "https://registry.yarnpkg.com/moment-timezone/-/moment-timezone-0.4.1.tgz#81f598c3ad5e22cdad796b67ecd8d88d0f5baa06"
    integrity sha1-gfWYw61eIs2teWtn7NjYjQ9bqgY=
    dependencies:
      moment ">= 2.6.0"
  
  "moment@>= 2.6.0", moment@^2.10:
    version "2.24.0"
    resolved "https://registry.yarnpkg.com/moment/-/moment-2.24.0.tgz#0d055d53f5052aa653c9f6eb68bb5d12bf5c2b5b"
    integrity sha512-bV7f+6l2QigeBBZSM/6yTNq4P2fNpSWj/0e7jQcy87A8e7o2nAfP/34/2ky5Vw4B9S446EtIhodAzkFCcR4dQg==
  
  pc-bootstrap4-datetimepicker@^4.17.50:
    version "4.17.50"
    resolved "https://registry.yarnpkg.com/pc-bootstrap4-datetimepicker/-/pc-bootstrap4-datetimepicker-4.17.50.tgz#6c609a0cc5021e968c11901b44c50eff86cdd8ca"
    integrity sha512-76y2McdmiGWdgwPUim72/otNcDUva05B/VoyJVgIRv2dd+g4GO9gPfvvPvCH4LXyKNvtAzKHQSTSyC+4PKq/FQ==
    dependencies:
      bootstrap "^4.0.0-beta.2"
      jquery "^1.8.3 || ^2.0 || ^3.0"
      moment "^2.10"
      moment-timezone "^0.4.0"
